============================= test session starts ==============================
platform darwin -- Python 3.12.6, pytest-7.4.4, pluggy-1.6.0 -- /Users/Davy/.pyenv/bin/python
cachedir: .pytest_cache
metadata: {'Python': '3.12.6', 'Platform': 'macOS-26.3-arm64-arm-64bit', 'Packages': {'pytest': '7.4.4', 'pluggy': '1.6.0'}, 'Plugins': {'flask': '1.3.0', 'asyncio': '0.23.4', 'Faker': '23.1.0', 'metadata': '3.1.1', 'cov': '4.1.0', 'html': '4.2.0', 'anyio': '4.8.0', 'mock': '3.12.0', 'xdist': '3.5.0', 'timeout': '2.3.1'}, 'JAVA_HOME': '/Users/Davy/Library/Java/JavaVirtualMachines/jbr-17.0.14/Contents/Home'}
rootdir: /Users/Davy/PycharmProjects/CastPlay/castplay-server
configfile: pytest.ini
plugins: flask-1.3.0, asyncio-0.23.4, Faker-23.1.0, metadata-3.1.1, cov-4.1.0, html-4.2.0, anyio-4.8.0, mock-3.12.0, xdist-3.5.0, timeout-2.3.1
asyncio: mode=Mode.AUTO
collecting ... collected 124 items

tests/unit/test_auth_api.py::TestAuthAPI::test_login_invalid_endpoint PASSED [  0%]
tests/unit/test_auth_api.py::TestAuthAPI::test_register_invalid_endpoint PASSED [  1%]
tests/unit/test_auth_api.py::TestJWTToken::test_token_structure PASSED   [  2%]
tests/unit/test_converter.py::TestPPTConverter::test_converter_initialization PASSED [  3%]
tests/unit/test_converter.py::TestPPTConverter::test_converter_custom_paths PASSED [  4%]
tests/unit/test_converter.py::TestPPTConverter::test_convert_to_pdf PASSED [  4%]
tests/unit/test_converter.py::TestPPTConverter::test_convert_to_pdf_failure PASSED [  5%]
tests/unit/test_converter.py::TestPPTConverter::test_pdf_to_images PASSED [  6%]
tests/unit/test_converter.py::TestPPTConverter::test_calculate_md5 PASSED [  7%]
tests/unit/test_converter.py::TestPPTConverter::test_calculate_md5_same_content PASSED [  8%]
tests/unit/test_converter.py::TestPPTConverter::test_generate_thumbnail PASSED [  8%]
tests/unit/test_converter.py::TestPPTConverter::test_cleanup PASSED      [  9%]
tests/unit/test_converter.py::TestPPTConverter::test_cleanup_nonexistent_files PASSED [ 10%]
tests/unit/test_converter.py::TestPPTConverterIntegration::test_full_conversion_flow_mocked PASSED [ 11%]
tests/unit/test_converter.py::TestPPTConverterIntegration::test_images_to_video_flow PASSED [ 12%]
tests/unit/test_device_api.py::TestDeviceAPI::test_list_devices ERROR    [ 12%]
tests/unit/test_device_api.py::TestDeviceAPI::test_get_device ERROR      [ 13%]
tests/unit/test_device_api.py::TestDeviceAPI::test_get_device_not_found FAILED [ 14%]
tests/unit/test_device_api.py::TestDeviceAPI::test_create_device FAILED  [ 15%]
tests/unit/test_device_api.py::TestDeviceAPI::test_update_device ERROR   [ 16%]
tests/unit/test_device_api.py::TestDeviceAPI::test_delete_device ERROR   [ 16%]
tests/unit/test_device_api.py::TestDeviceAPI::test_register_device FAILED [ 17%]
tests/unit/test_device_api.py::TestDeviceSchedule::test_create_schedule ERROR [ 18%]
tests/unit/test_device_api.py::TestDeviceSchedule::test_get_schedule ERROR [ 19%]
tests/unit/test_media_api.py::TestMediaUpload::test_upload_image_file FAILED [ 20%]
tests/unit/test_media_api.py::TestMediaUpload::test_upload_invalid_file_type FAILED [ 20%]
tests/unit/test_media_api.py::TestMediaUpload::test_upload_ppt_triggers_conversion FAILED [ 21%]
tests/unit/test_media_api.py::TestMediaThumbnail::test_get_thumbnail_with_saved_path ERROR [ 22%]
tests/unit/test_media_api.py::TestMediaThumbnail::test_get_thumbnail_for_image_file ERROR [ 23%]
tests/unit/test_media_api.py::TestMediaThumbnail::test_get_thumbnail_not_found ERROR [ 24%]
tests/unit/test_media_api.py::TestMediaAllowedFile::test_allowed_image_extensions PASSED [ 25%]
tests/unit/test_media_api.py::TestMediaAllowedFile::test_allowed_video_extensions PASSED [ 25%]
tests/unit/test_media_api.py::TestMediaAllowedFile::test_allowed_ppt_extensions PASSED [ 26%]
tests/unit/test_media_api.py::TestMediaAllowedFile::test_disallowed_extensions PASSED [ 27%]
tests/unit/test_media_api.py::TestMediaAllowedFile::test_no_extension PASSED [ 28%]
tests/unit/test_media_api.py::TestMediaAllowedFile::test_case_insensitive PASSED [ 29%]
tests/unit/test_models.py::TestDeviceModel::test_create_device PASSED    [ 29%]
tests/unit/test_models.py::TestDeviceModel::test_device_to_dict PASSED   [ 30%]
tests/unit/test_models.py::TestDeviceModel::test_device_unique_constraint PASSED [ 31%]
tests/unit/test_models.py::TestDeviceScheduleModel::test_create_schedule PASSED [ 32%]
tests/unit/test_models.py::TestDeviceScheduleModel::test_schedule_to_dict PASSED [ 33%]
tests/unit/test_models.py::TestMediaFileModel::test_create_media_file PASSED [ 33%]
tests/unit/test_models.py::TestMediaFileModel::test_media_to_dict PASSED [ 34%]
tests/unit/test_models.py::TestMediaFileModel::test_media_default_status PASSED [ 35%]
tests/unit/test_models.py::TestPlaylistModel::test_create_playlist PASSED [ 36%]
tests/unit/test_models.py::TestPlaylistModel::test_playlist_to_dict PASSED [ 37%]
tests/unit/test_models.py::TestPlaylistModel::test_playlist_to_dict_with_items PASSED [ 37%]
tests/unit/test_models.py::TestPlaylistItemModel::test_create_playlist_item PASSED [ 38%]
tests/unit/test_models.py::TestPlaylistItemModel::test_playlist_item_to_dict PASSED [ 39%]
tests/unit/test_models.py::TestDevicePlaylistModel::test_create_device_playlist PASSED [ 40%]
tests/unit/test_models.py::TestDevicePlaylistModel::test_device_playlist_unique_constraint PASSED [ 41%]
tests/unit/test_models.py::TestDevicePlaylistModel::test_device_playlist_to_dict PASSED [ 41%]
tests/unit/test_playlist_api.py::TestPlaylistAPI::test_list_playlists ERROR [ 42%]
tests/unit/test_playlist_api.py::TestPlaylistAPI::test_get_playlist_detail ERROR [ 43%]
tests/unit/test_playlist_api.py::TestPlaylistAPI::test_create_playlist FAILED [ 44%]
tests/unit/test_playlist_api.py::TestPlaylistAPI::test_update_playlist ERROR [ 45%]
tests/unit/test_playlist_api.py::TestPlaylistAPI::test_delete_playlist ERROR [ 45%]
tests/unit/test_playlist_api.py::TestPlaylistAPI::test_add_media_to_playlist ERROR [ 46%]
tests/unit/test_playlist_api.py::TestPlaylistAPI::test_remove_media_from_playlist ERROR [ 47%]
tests/unit/test_playlist_api.py::TestDevicePlaylist::test_assign_playlist_to_device ERROR [ 48%]
tests/unit/test_playlist_api.py::TestDevicePlaylist::test_get_device_playlist ERROR [ 49%]
tests/unit/test_ppt_converter.py::TestPPTConverter::test_init PASSED     [ 50%]
tests/unit/test_ppt_converter.py::TestPPTConverter::test_convert_to_pdf PASSED [ 50%]
tests/unit/test_ppt_converter.py::TestPPTConverter::test_pdf_to_images_with_pdftoppm PASSED [ 51%]
tests/unit/test_ppt_converter.py::TestPPTConverter::test_pdf_to_images_fallback_to_imagemagick PASSED [ 52%]
tests/unit/test_ppt_converter.py::TestPPTConverter::test_images_to_video PASSED [ 53%]
tests/unit/test_ppt_converter.py::TestPPTConverter::test_cleanup PASSED  [ 54%]
tests/unit/test_ppt_converter.py::TestPPTConverter::test_generate_thumbnail PASSED [ 54%]
tests/unit/test_ppt_converter.py::TestPPTConverter::test_calculate_md5 PASSED [ 55%]
tests/unit/test_ppt_converter.py::TestPPTConverter::test_convert_to_video_full_flow FAILED [ 56%]
tests/unit/test_ppt_converter.py::TestPPTConverterErrors::test_convert_to_pdf_error PASSED [ 57%]
tests/unit/test_ppt_converter.py::TestPPTConverterErrors::test_pdf_to_images_both_methods_fail FAILED [ 58%]
tests/unit/test_ppt_converter.py::TestPPTConverterErrors::test_images_to_video_no_images PASSED [ 58%]
tests/unit/test_ppt_converter.py::TestPPTConverterErrors::test_generate_thumbnail_error FAILED [ 59%]
tests/unit/test_security.py::TestPasswordHashing::test_hash_password_creates_hash PASSED [ 60%]
tests/unit/test_security.py::TestPasswordHashing::test_verify_password_correct PASSED [ 61%]
tests/unit/test_security.py::TestPasswordHashing::test_verify_password_incorrect PASSED [ 62%]
tests/unit/test_security.py::TestJWTToken::test_create_access_token PASSED [ 62%]
tests/unit/test_security.py::TestJWTToken::test_create_token_pair PASSED [ 63%]
tests/unit/test_security.py::TestJWTToken::test_verify_valid_token PASSED [ 64%]
tests/unit/test_security.py::TestJWTToken::test_verify_invalid_token PASSED [ 65%]
tests/unit/test_security.py::TestTokenData::test_token_data_defaults PASSED [ 66%]
tests/unit/test_security.py::TestTokenData::test_token_data_with_values PASSED [ 66%]
tests/unit/test_soft_delete.py::TestSoftDeleteMixin::test_soft_delete_sets_deleted_at PASSED [ 67%]
tests/unit/test_soft_delete.py::TestSoftDeleteMixin::test_restore_clears_deleted_at PASSED [ 68%]
tests/unit/test_soft_delete.py::TestSoftDeleteMixin::test_is_deleted_property PASSED [ 69%]
tests/unit/test_soft_delete.py::TestTimestampMixin::test_timestamp_fields_exist PASSED [ 70%]
tests/unit/test_soft_delete.py::TestQueryActive::test_query_active_with_soft_delete_model PASSED [ 70%]
tests/unit/test_soft_delete.py::TestQueryActive::test_query_active_without_soft_delete_model PASSED [ 71%]
tests/unit/test_tasks.py::TestConverterService::test_images_to_video_no_images PASSED [ 72%]
tests/unit/test_tasks.py::TestConverterService::test_calculate_md5_same_content PASSED [ 73%]
tests/unit/test_tasks.py::TestConverterService::test_calculate_md5_different_content PASSED [ 74%]
tests/unit/test_tasks.py::TestConverterService::test_cleanup_nonexistent_files PASSED [ 75%]
tests/unit/test_tasks.py::TestConverterService::test_cleanup_existing_files PASSED [ 75%]
tests/unit/test_tasks.py::TestConverterService::test_convert_to_pdf_failure PASSED [ 76%]
tests/unit/test_tasks.py::TestConverterService::test_generate_thumbnail_failure PASSED [ 77%]
tests/unit/test_tasks.py::TestConverterService::test_converter_default_paths PASSED [ 78%]
tests/unit/test_tasks.py::TestConverterService::test_converter_custom_paths PASSED [ 79%]
tests/unit/test_tasks.py::TestMediaFileStatus::test_media_status_transitions PASSED [ 79%]
tests/unit/test_tasks.py::TestMediaFileStatus::test_media_converted_path PASSED [ 80%]
tests/unit/test_websocket.py::TestWebSocketHandler::test_notify_playlist_update PASSED [ 81%]
tests/unit/test_websocket.py::TestWebSocketHandler::test_notify_schedule_update PASSED [ 82%]
tests/unit/test_websocket.py::TestWebSocketHandler::test_notify_force_sync PASSED [ 83%]
tests/unit/test_websocket.py::TestWebSocketHandler::test_notify_reboot PASSED [ 83%]
tests/unit/test_websocket.py::TestWebSocketHandler::test_broadcast_to_all PASSED [ 84%]
tests/unit/test_websocket.py::TestWebSocketEvents::test_connected_devices_storage PASSED [ 85%]
tests/unit/test_websocket.py::TestWebSocketEvents::test_handle_device_register_missing_device_id PASSED [ 86%]
tests/unit/test_websocket.py::TestWebSocketEvents::test_handle_device_register_device_not_found PASSED [ 87%]
tests/unit/test_websocket.py::TestWebSocketEvents::test_handle_heartbeat_success PASSED [ 87%]
tests/unit/test_websocket.py::TestWebSocketEvents::test_handle_heartbeat_device_not_connected PASSED [ 88%]
tests/unit/test_websocket.py::TestWebSocketEvents::test_handle_heartbeat_no_device_id PASSED [ 89%]
tests/unit/test_websocket_emitter.py::TestWebSocketEmitter::test_emit_playlist_update_with_device_id PASSED [ 90%]
tests/unit/test_websocket_emitter.py::TestWebSocketEmitter::test_emit_playlist_update_broadcast PASSED [ 91%]
tests/unit/test_websocket_emitter.py::TestWebSocketEmitter::test_emit_device_status PASSED [ 91%]
tests/unit/test_websocket_emitter.py::TestWebSocketEmitter::test_emit_device_status_offline PASSED [ 92%]
tests/unit/test_websocket_emitter.py::TestWebSocketEmitter::test_emit_media_ready_image PASSED [ 93%]
tests/unit/test_websocket_emitter.py::TestWebSocketEmitter::test_emit_media_ready_video PASSED [ 94%]
tests/unit/test_websocket_emitter.py::TestWebSocketEmitter::test_emit_media_ready_ppt PASSED [ 95%]
tests/unit/test_websocket_emitter.py::TestWebSocketEmitter::test_emit_schedule_update PASSED [ 95%]
tests/unit/test_websocket_emitter.py::TestWebSocketEmitter::test_emit_playlist_update_exception_handling PASSED [ 96%]
tests/unit/test_websocket_emitter.py::TestWebSocketEmitter::test_emit_device_status_exception_handling PASSED [ 97%]
tests/unit/test_websocket_emitter.py::TestWebSocketEmitter::test_error_logging PASSED [ 98%]
tests/unit/test_websocket_emitter.py::TestWebSocketEmitterIntegration::test_multiple_emits PASSED [ 99%]
tests/unit/test_websocket_emitter.py::TestWebSocketEmitterIntegration::test_event_data_structure PASSED [100%]

==================================== ERRORS ====================================
______________ ERROR at setup of TestDeviceAPI.test_list_devices _______________
E   AttributeError: add
---------------------------- Captured stdout setup -----------------------------
2026-03-05 20:32:47 [INFO] app [-] - Logging configured: level=INFO, json=False
2026-03-05 20:32:47 [INFO] app [-] - Prometheus metrics initialized at /metrics
2026-03-05 20:32:48 [INFO] app [-] - CastPlay Server initialized with config: testing
---------------------------- Captured stderr setup -----------------------------
Server initialized for gevent.
[2026-03-05 20:32:47,965] INFO in logging_config: Logging configured: level=INFO, json=False
[2026-03-05 20:32:47,979] INFO in metrics: Prometheus metrics initialized at /metrics
[2026-03-05 20:32:48,228] INFO in __init__: CastPlay Server initialized with config: testing
------------------------------ Captured log setup ------------------------------
INFO     engineio.server:base_server.py:112 Server initialized for gevent.
INFO     app.utils.rate_limit:rate_limit.py:42 Rate limiter using Redis: redis://:password123@localhost:6379/0
_______________ ERROR at setup of TestDeviceAPI.test_get_device ________________
E   AttributeError: add
______________ ERROR at setup of TestDeviceAPI.test_update_device ______________
E   AttributeError: add
______________ ERROR at setup of TestDeviceAPI.test_delete_device ______________
E   AttributeError: add
__________ ERROR at setup of TestDeviceSchedule.test_create_schedule ___________
E   AttributeError: add
____________ ERROR at setup of TestDeviceSchedule.test_get_schedule ____________
E   AttributeError: add
___ ERROR at setup of TestMediaThumbnail.test_get_thumbnail_with_saved_path ____
file /Users/Davy/PycharmProjects/CastPlay/castplay-server/tests/unit/test_media_api.py, line 100
      @pytest.mark.asyncio
      async def test_get_thumbnail_with_saved_path(self, mock_db, mock_current_user, client):
          """测试获取已保存的缩略图"""
          # Mock 媒体记录
          mock_media = Mock()
          mock_media.thumbnail_path = '/path/to/thumb.jpg'
          mock_media.file_type = 'image'

          mock_db.execute = AsyncMock(return_value=Mock(
              scalar_one_or_none=Mock(return_value=mock_media)
          ))

          with patch('app.api.v1.media.os.path.exists', return_value=True):
              response = client.get(
                  f'/api/v1/media/{1}/thumbnail',
                  headers={'Authorization': 'Bearer token'}
              )

          assert response.status_code == 200
E       fixture 'mock_db' not found
>       available fixtures: _configure_application, _monkeypatch_response_class, _push_request_context, _session_event_loop, _session_faker, accept_any, accept_json, accept_jsonp, accept_mimetype, anyio_backend, anyio_backend_name, anyio_backend_options, app, auth_headers, cache, capfd, capfdbinary, caplog, capsys, capsysbinary, class_mocker, client, client_class, config, cov, db, doctest_namespace, event_loop, event_loop_policy, extra, extras, faker, include_metadata_in_junit_xml, live_server, metadata, mocker, module_mocker, monkeypatch, no_cover, package_mocker, pytestconfig, record_property, record_testsuite_property, record_xml_attribute, recwarn, runner, sample_device, sample_device_with_playlist, sample_media, sample_media_with_converted, sample_media_with_file, sample_media_with_thumbnail, sample_playlist, sample_playlist_with_item, session_mocker, testrun_uid, tests/unit/test_media_api.py::<event_loop>, tests/unit/test_media_api.py::TestMediaThumbnail::<event_loop>, tmp_path, tmp_path_factory, tmpdir, tmpdir_factory, unused_tcp_port, unused_tcp_port_factory, unused_udp_port, unused_udp_port_factory, worker_id
>       use 'pytest --fixtures [testpath]' for help on them.

/Users/Davy/PycharmProjects/CastPlay/castplay-server/tests/unit/test_media_api.py:100
____ ERROR at setup of TestMediaThumbnail.test_get_thumbnail_for_image_file ____
file /Users/Davy/PycharmProjects/CastPlay/castplay-server/tests/unit/test_media_api.py, line 120
      @pytest.mark.asyncio
      async def test_get_thumbnail_for_image_file(self, mock_db, mock_current_user, client):
          """测试获取图片类型的缩略图（返回原图）"""
          mock_media = Mock()
          mock_media.thumbnail_path = None
          mock_media.file_type = 'image'
          mock_media.file_path = '/path/to/image.jpg'
          mock_media.file_name = 'image.jpg'

          mock_db.execute = AsyncMock(return_value=Mock(
              scalar_one_or_none=Mock(return_value=mock_media)
          ))

          with patch('app.api.v1.media.os.path.exists', return_value=True):
              response = client.get(
                  f'/api/v1/media/{1}/thumbnail',
                  headers={'Authorization': 'Bearer token'}
              )

          assert response.status_code == 200
E       fixture 'mock_db' not found
>       available fixtures: _configure_application, _monkeypatch_response_class, _push_request_context, _session_event_loop, _session_faker, accept_any, accept_json, accept_jsonp, accept_mimetype, anyio_backend, anyio_backend_name, anyio_backend_options, app, auth_headers, cache, capfd, capfdbinary, caplog, capsys, capsysbinary, class_mocker, client, client_class, config, cov, db, doctest_namespace, event_loop, event_loop_policy, extra, extras, faker, include_metadata_in_junit_xml, live_server, metadata, mocker, module_mocker, monkeypatch, no_cover, package_mocker, pytestconfig, record_property, record_testsuite_property, record_xml_attribute, recwarn, runner, sample_device, sample_device_with_playlist, sample_media, sample_media_with_converted, sample_media_with_file, sample_media_with_thumbnail, sample_playlist, sample_playlist_with_item, session_mocker, testrun_uid, tests/unit/test_media_api.py::<event_loop>, tests/unit/test_media_api.py::TestMediaThumbnail::<event_loop>, tmp_path, tmp_path_factory, tmpdir, tmpdir_factory, unused_tcp_port, unused_tcp_port_factory, unused_udp_port, unused_udp_port_factory, worker_id
>       use 'pytest --fixtures [testpath]' for help on them.

/Users/Davy/PycharmProjects/CastPlay/castplay-server/tests/unit/test_media_api.py:120
______ ERROR at setup of TestMediaThumbnail.test_get_thumbnail_not_found _______
file /Users/Davy/PycharmProjects/CastPlay/castplay-server/tests/unit/test_media_api.py, line 141
      @pytest.mark.asyncio
      async def test_get_thumbnail_not_found(self, mock_db, mock_current_user, client):
          """测试缩略图不存在"""
          mock_db.execute = AsyncMock(return_value=Mock(
              scalar_one_or_none=Mock(return_value=None)
          ))

          response = client.get(
              f'/api/v1/media/{1}/thumbnail',
              headers={'Authorization': 'Bearer token'}
          )

          assert response.status_code == 404
          assert 'Media not found' in response.json()['detail']
E       fixture 'mock_db' not found
>       available fixtures: _configure_application, _monkeypatch_response_class, _push_request_context, _session_event_loop, _session_faker, accept_any, accept_json, accept_jsonp, accept_mimetype, anyio_backend, anyio_backend_name, anyio_backend_options, app, auth_headers, cache, capfd, capfdbinary, caplog, capsys, capsysbinary, class_mocker, client, client_class, config, cov, db, doctest_namespace, event_loop, event_loop_policy, extra, extras, faker, include_metadata_in_junit_xml, live_server, metadata, mocker, module_mocker, monkeypatch, no_cover, package_mocker, pytestconfig, record_property, record_testsuite_property, record_xml_attribute, recwarn, runner, sample_device, sample_device_with_playlist, sample_media, sample_media_with_converted, sample_media_with_file, sample_media_with_thumbnail, sample_playlist, sample_playlist_with_item, session_mocker, testrun_uid, tests/unit/test_media_api.py::<event_loop>, tests/unit/test_media_api.py::TestMediaThumbnail::<event_loop>, tmp_path, tmp_path_factory, tmpdir, tmpdir_factory, unused_tcp_port, unused_tcp_port_factory, unused_udp_port, unused_udp_port_factory, worker_id
>       use 'pytest --fixtures [testpath]' for help on them.

/Users/Davy/PycharmProjects/CastPlay/castplay-server/tests/unit/test_media_api.py:141
____________ ERROR at setup of TestPlaylistAPI.test_list_playlists _____________
E   AttributeError: add
__________ ERROR at setup of TestPlaylistAPI.test_get_playlist_detail __________
E   AttributeError: add
____________ ERROR at setup of TestPlaylistAPI.test_update_playlist ____________
E   AttributeError: add
____________ ERROR at setup of TestPlaylistAPI.test_delete_playlist ____________
E   AttributeError: add
_________ ERROR at setup of TestPlaylistAPI.test_add_media_to_playlist _________
E   AttributeError: add
______ ERROR at setup of TestPlaylistAPI.test_remove_media_from_playlist _______
E   AttributeError: add
_____ ERROR at setup of TestDevicePlaylist.test_assign_playlist_to_device ______
E   AttributeError: add
________ ERROR at setup of TestDevicePlaylist.test_get_device_playlist _________
E   AttributeError: add
=================================== FAILURES ===================================
/Users/Davy/.pyenv/lib/python3.12/site-packages/aiosqlite/core.py:63: sqlalchemy.exc.OperationalError: (sqlite3.OperationalError) no such table: device
/Users/Davy/.pyenv/lib/python3.12/site-packages/aiosqlite/core.py:63: sqlalchemy.exc.OperationalError: (sqlite3.OperationalError) no such table: device
/Users/Davy/.pyenv/lib/python3.12/site-packages/aiosqlite/core.py:63: sqlalchemy.exc.OperationalError: (sqlite3.OperationalError) no such table: device
/Users/Davy/PycharmProjects/CastPlay/castplay-server/tests/unit/test_media_api.py:49: assert 500 == 201
/Users/Davy/PycharmProjects/CastPlay/castplay-server/tests/unit/test_media_api.py:69: assert 500 == 400
/Library/Frameworks/Python.framework/Versions/3.12/lib/python3.12/unittest/mock.py:1434: AttributeError: <module 'app.api.v1.media' from '/Users/Davy/PycharmProjects/CastPlay/castplay-server/app/api/v1/media.py'> does not have the attribute 'convert_ppt_to_video'
/Users/Davy/.pyenv/lib/python3.12/site-packages/aiosqlite/core.py:63: sqlalchemy.exc.OperationalError: (sqlite3.OperationalError) no such table: playlist
/Users/Davy/PycharmProjects/CastPlay/castplay-server/app/services/converter.py:137: Exception: No images found for video conversion
/Users/Davy/PycharmProjects/CastPlay/castplay-server/tests/unit/test_ppt_converter.py:250: assert 'conversion failed' in "'NoneType' object has no attribute 'decode'"
/Users/Davy/PycharmProjects/CastPlay/castplay-server/tests/unit/test_ppt_converter.py:276: assert 'failed' in "'NoneType' object has no attribute 'decode'"
=========================== short test summary info ============================
FAILED tests/unit/test_device_api.py::TestDeviceAPI::test_get_device_not_found
FAILED tests/unit/test_device_api.py::TestDeviceAPI::test_create_device - sql...
FAILED tests/unit/test_device_api.py::TestDeviceAPI::test_register_device - s...
FAILED tests/unit/test_media_api.py::TestMediaUpload::test_upload_image_file
FAILED tests/unit/test_media_api.py::TestMediaUpload::test_upload_invalid_file_type
FAILED tests/unit/test_media_api.py::TestMediaUpload::test_upload_ppt_triggers_conversion
FAILED tests/unit/test_playlist_api.py::TestPlaylistAPI::test_create_playlist
FAILED tests/unit/test_ppt_converter.py::TestPPTConverter::test_convert_to_video_full_flow
FAILED tests/unit/test_ppt_converter.py::TestPPTConverterErrors::test_pdf_to_images_both_methods_fail
FAILED tests/unit/test_ppt_converter.py::TestPPTConverterErrors::test_generate_thumbnail_error
ERROR tests/unit/test_device_api.py::TestDeviceAPI::test_list_devices - Attri...
ERROR tests/unit/test_device_api.py::TestDeviceAPI::test_get_device - Attribu...
ERROR tests/unit/test_device_api.py::TestDeviceAPI::test_update_device - Attr...
ERROR tests/unit/test_device_api.py::TestDeviceAPI::test_delete_device - Attr...
ERROR tests/unit/test_device_api.py::TestDeviceSchedule::test_create_schedule
ERROR tests/unit/test_device_api.py::TestDeviceSchedule::test_get_schedule - ...
ERROR tests/unit/test_media_api.py::TestMediaThumbnail::test_get_thumbnail_with_saved_path
ERROR tests/unit/test_media_api.py::TestMediaThumbnail::test_get_thumbnail_for_image_file
ERROR tests/unit/test_media_api.py::TestMediaThumbnail::test_get_thumbnail_not_found
ERROR tests/unit/test_playlist_api.py::TestPlaylistAPI::test_list_playlists
ERROR tests/unit/test_playlist_api.py::TestPlaylistAPI::test_get_playlist_detail
ERROR tests/unit/test_playlist_api.py::TestPlaylistAPI::test_update_playlist
ERROR tests/unit/test_playlist_api.py::TestPlaylistAPI::test_delete_playlist
ERROR tests/unit/test_playlist_api.py::TestPlaylistAPI::test_add_media_to_playlist
ERROR tests/unit/test_playlist_api.py::TestPlaylistAPI::test_remove_media_from_playlist
ERROR tests/unit/test_playlist_api.py::TestDevicePlaylist::test_assign_playlist_to_device
ERROR tests/unit/test_playlist_api.py::TestDevicePlaylist::test_get_device_playlist
=================== 10 failed, 97 passed, 17 errors in 2.18s ===================
